{"C:\\Users\\USER\\Desktop\\Proyecto5\\vite-project\\src\\suma.js": {"path":"C:\\Users\\USER\\Desktop\\Proyecto5\\vite-project\\src\\suma.js","statementMap":{"0":{"start":{"line":3,"column":4},"end":{"line":3,"column":17}},"1":{"start":{"line":6,"column":4},"end":{"line":6,"column":26}}},"fnMap":{"0":{"name":"suma","decl":{"start":{"line":2,"column":9},"end":{"line":2,"column":13}},"loc":{"start":{"line":2,"column":20},"end":{"line":4,"column":5}},"line":2}},"branchMap":{},"s":{"0":1,"1":1},"f":{"0":1},"b":{},"_coverageSchema":"1a1c01bbd47fc00a2c39e90264f33305004495a9","hash":"c062cc97061754e16c15bc06159ea6a878523893"}
}
